<?xml version="1.0" encoding="UTF-8"?>
<!-- Generated by org.testng.reporters.JUnitReportReporter -->
<testsuite hostname="DESKTOP-8C50GRG" failures="0" tests="1" name="FirstAutomatedTest" time="6.109" errors="0" timestamp="2022-01-25T16:07:14 CET" skipped="0">
  <testcase classname="FirstAutomatedTest" name="myFirstTest" time="6.109"/>
  <system-out/>
</testsuite> <!-- FirstAutomatedTest -->
