<?xml version="1.0" encoding="UTF-8"?>
<!-- Generated by org.testng.reporters.JUnitReportReporter -->
<testsuite hostname="DESKTOP-8C50GRG" failures="0" tests="1" name="SecendAutomatedTest" time="4.772" errors="0" timestamp="2022-01-25T16:07:14 CET" skipped="0">
  <testcase classname="SecendAutomatedTest" name="mySecondTest" time="4.772"/>
  <system-out/>
</testsuite> <!-- SecendAutomatedTest -->
